<?xml version="1.0" encoding="UTF-8"?>
<!-- Generated by org.testng.reporters.JUnitXMLReporter -->
<testsuite ignored="0" hostname="DESKTOP-9404BSG" failures="0" tests="4" name="Test" time="43.345" errors="0" timestamp="2024-06-17T15:49:56 IST">
  <testcase classname="LoginTestcase.Correctusernamenandpassword" name="cuandcp" time="11.911"/>
  <testcase classname="LoginTestcase.CorrectUsername" name="cu" time="10.651"/>
  <testcase classname="LoginTestcase.Correctpassword" name="cp" time="11.843"/>
  <testcase classname="LoginTestcase.Bothwrongup" name="cuandcp" time="8.743"/>
</testsuite> <!-- Test -->
