<?xml version="1.0" encoding="UTF-8"?>
<!-- Generated by org.testng.reporters.JUnitXMLReporter -->
<testsuite ignored="0" hostname="DESKTOP-9404BSG" failures="0" tests="4" name="Default test" time="11.109" errors="0" timestamp="2024-06-17T16:43:33 IST">
  <testcase classname="LoginTestcase.Logintoapplication" name="cuandcp1" time="2.259"/>
  <testcase classname="LoginTestcase.Logintoapplication" name="cuandcp1" time="0.846"/>
  <testcase classname="LoginTestcase.Logintoapplication" name="cuandcp1" time="0.849"/>
  <testcase classname="LoginTestcase.Logintoapplication" name="cuandcp1" time="1.38"/>
</testsuite> <!-- Default test -->
