<?xml version="1.0" encoding="UTF-8"?>
<testng-results ignored="0" total="4" passed="4" failed="0" skipped="0">
  <reporter-output>
  </reporter-output>
  <suite started-at="2024-06-17T16:43:22 IST" name="Default suite" finished-at="2024-06-17T16:43:33 IST" duration-ms="11109">
    <groups>
    </groups>
    <test started-at="2024-06-17T16:43:22 IST" name="Default test" finished-at="2024-06-17T16:43:33 IST" duration-ms="11109">
      <class name="LoginTestcase.Logintoapplication">
        <test-method is-config="true" signature="Beforelogin()[pri:0, instance:LoginTestcase.Logintoapplication@9353778]" started-at="2024-06-17T16:43:22 IST" name="Beforelogin" finished-at="2024-06-17T16:43:27 IST" duration-ms="5268" status="PASS">
          <reporter-output>
          </reporter-output>
        </test-method> <!-- Beforelogin -->
        <test-method signature="cuandcp1(java.lang.String,java.lang.String)[pri:0, instance:LoginTestcase.Logintoapplication@9353778]" started-at="2024-06-17T16:43:27 IST" name="cuandcp1" data-provider="logindata" finished-at="2024-06-17T16:43:30 IST" duration-ms="2259" status="PASS">
          <params>
            <param index="0">
              <value>
                <![CDATA[admin]]>
              </value>
            </param>
            <param index="1">
              <value>
                <![CDATA[test]]>
              </value>
            </param>
          </params>
          <reporter-output>
          </reporter-output>
        </test-method> <!-- cuandcp1 -->
        <test-method signature="cuandcp1(java.lang.String,java.lang.String)[pri:0, instance:LoginTestcase.Logintoapplication@9353778]" started-at="2024-06-17T16:43:30 IST" name="cuandcp1" data-provider="logindata" finished-at="2024-06-17T16:43:31 IST" duration-ms="846" status="PASS">
          <params>
            <param index="0">
              <value>
                <![CDATA[admin]]>
              </value>
            </param>
            <param index="1">
              <value>
                <![CDATA[test]]>
              </value>
            </param>
          </params>
          <reporter-output>
          </reporter-output>
        </test-method> <!-- cuandcp1 -->
        <test-method signature="cuandcp1(java.lang.String,java.lang.String)[pri:0, instance:LoginTestcase.Logintoapplication@9353778]" started-at="2024-06-17T16:43:31 IST" name="cuandcp1" data-provider="logindata" finished-at="2024-06-17T16:43:31 IST" duration-ms="849" status="PASS">
          <params>
            <param index="0">
              <value>
                <![CDATA[admin]]>
              </value>
            </param>
            <param index="1">
              <value>
                <![CDATA[test]]>
              </value>
            </param>
          </params>
          <reporter-output>
          </reporter-output>
        </test-method> <!-- cuandcp1 -->
        <test-method signature="cuandcp1(java.lang.String,java.lang.String)[pri:0, instance:LoginTestcase.Logintoapplication@9353778]" started-at="2024-06-17T16:43:31 IST" name="cuandcp1" data-provider="logindata" finished-at="2024-06-17T16:43:33 IST" duration-ms="1380" status="PASS">
          <params>
            <param index="0">
              <value>
                <![CDATA[admin]]>
              </value>
            </param>
            <param index="1">
              <value>
                <![CDATA[test]]>
              </value>
            </param>
          </params>
          <reporter-output>
          </reporter-output>
        </test-method> <!-- cuandcp1 -->
      </class> <!-- LoginTestcase.Logintoapplication -->
    </test> <!-- Default test -->
  </suite> <!-- Default suite -->
</testng-results>
